<?xml version="1.0" encoding="UTF-8" standalone="yes" ?>

<inet:Report xmlns:inet="http://www.inetsoftware.de" major_version="8" minor_version="0" major_xml_version="7" minor_xml_version="9" count="3" id="0">
    <Datasource dll="dsnwulanif6_configuration.dll">
      <DataSourceConfiguration name="dsnwulanif6">
        <property name="aliasToken" value=""/>
        <property name="useCursorFetch" value="false"/>
        <property name="emulateLocators" value="false"/>
        <property name="host" value="localhost"/>
        <property name="noTimezoneConversionForTimeType" value="false"/>
        <property name="url" value="jdbc:mysql://{host}:{port}/{database}"/>
        <property name="connectionCollation" value=""/>
        <property name="prepStmtCacheSize" value="25"/>
        <property name="databaseClassName" value=""/>
        <property name="locatorFetchBufferSize" value="1048576"/>
        <property name="supportsOrderBy" value="true"/>
        <property name="defaultFetchSize" value="0"/>
        <property name="supportsSQL92" value="true"/>
        <property name="maxRows" value="-1"/>
        <property name="prepStmtCacheSqlLimit" value="256"/>
        <property name="paranoid" value="false"/>
        <property name="characterEncoding" value=""/>
        <property name="metadataCacheSize" value="50"/>
        <property name="dynamicCalendars" value="false"/>
        <property name="connectTimeout" value="0"/>
        <property name="blobSendChunkSize" value="1048576"/>
        <property name="validationQuery" value=""/>
        <property name="zeroDateTimeBehavior" value="exception"/>
        <property name="sessionVariables" value=""/>
        <property name="useFastIntParsing" value="true"/>
        <property name="useReadAheadInput" value="true"/>
        <property name="driverLibrary" value=""/>
        <property name="useGmtMillisForDatetimes" value="false"/>
        <property name="useCompression" value="false"/>
        <property name="clobCharacterEncoding" value=""/>
        <property name="useUnicode" value="true"/>
        <property name="driverClassName" value="com.mysql.jdbc.Driver"/>
        <property name="user" value="root"/>
        <property name="autoDeserialize" value="false"/>
        <property name="supportsWhere" value="true"/>
        <property name="emptyStringsConvertToZero" value="true"/>
        <property name="password" value="00A4F07DB90B9258920650B5BC30C1F275A4F0C911815BFBB7A64EC763AC3C97B3"/>
        <property name="cacheCallableStmts" value="false"/>
        <property name="identifierQuoteString" value=""/>
        <property name="port" value="3306"/>
        <property name="quotesLowerCase" value="false"/>
        <property name="useTimezone" value="false"/>
        <property name="socketTimeout" value="0"/>
        <property name="database" value="dbwulanif6"/>
        <property name="requireSSL" value="false"/>
        <property name="useSSL" value="false"/>
        <property name="serverTimezone" value=""/>
        <property name="supportsParenthesesForJoin" value="true"/>
        <property name="savePassword" value="true"/>
      </DataSourceConfiguration>
      <Tablesource alias="tbmahasiswa" databaseIdentifier="tbmahasiswa">
        <Column name="nopendaftaran" type="11" description="nopendaftaran" />
        <Column name="namamhs" type="11" description="namamhs" />
        <Column name="jkmhs" type="11" description="jkmhs" />
        <Column name="alamatmhs" type="11" description="alamatmhs" />
        <Column name="jurusanmhs" type="11" description="jurusanmhs" />
        <Column name="uangpembangunan" type="6" description="uangpembangunan" />
        <Column name="uangsemester" type="6" description="uangsemester" />
      </Tablesource>
    </Datasource>
  <Database>
    <QueryChanges mask="0" count="2">
      <Attribute name="queryChange" value="null"/>
      <Attribute name="queryChange" value="null"/>
    </QueryChanges>
  </Database>
  <FormulaFields count="1">
    <Field type="FormulaField" valueType="6">
      <Attribute name="name" value="totalbayar"/>
      <Attribute name="shortName" value="totalbayar"/>
      <Attribute name="formula type" value="0"/>
      <Attribute name="basic syntax" value="false"/>
      <![CDATA[{tbmahasiswa.uangpembangunan} + {tbmahasiswa.uangsemester}]]>
    </Field>
  </FormulaFields>

  <PromptFields count="1">
    <Field type="PromptVarField" valueType="11">
      <Attribute name="name" value="prompt0"/>
      <Attribute name="allow_multiple_values" value="false"/>
      <Attribute name="discrete_or_range" value="0"/>
      <Attribute name="allow editing" value="true"/>
      <Attribute name="description_only" value="false"/>
      <Attribute name="edit mask" value=""/>
      <Attribute name="prompt_text" value=""/>
      <Attribute name="use_range" value="false"/>
    </Field>
  </PromptFields>

  <SQLFields count="0">
  </SQLFields>

  <SortFields count="0">
  </SortFields>

  <Field type="FormulaField" id="-1" valueType="8">
    <Attribute name="name" value="Record_Selection"/>
    <Attribute name="formula type" value="1"/>
    <Attribute name="basic syntax" value="false"/>
    <![CDATA[{?prompt0} = {tbmahasiswa.nopendaftaran}]]>
  </Field>
  <ReportProperties>
    <Attribute name="page width" value="15840"/>
    <Attribute name="page height" value="12240"/>
    <Attribute name="page orientation" value="2"/>
    <Attribute name="page margin left" value="720"/>
    <Attribute name="page margin right" value="720"/>
    <Attribute name="page margin top" value="720"/>
    <Attribute name="page margin bottom" value="720"/>
    <Attribute name="report title" value="Report1"/>
    <Attribute name="report last saved" value="20 Jun 2022 10:39:41 GMT"/>
    <Attribute name="report created" value="20 Jun 2022 09:35:00 GMT"/>
    <Attribute name="mailing label type 1" value=""/>
    <Attribute name="mailing label type 2" value=""/>
    <Attribute name="format with multiple columns" value="false"/>
    <Attribute name="mailing label width" value="0"/>
    <Attribute name="mailing label height" value="0"/>
    <Attribute name="mailing label distance vertical" value="0"/>
    <Attribute name="mailing label distance horizontal" value="0"/>
    <Attribute name="across then down" value="false"/>
    <Attribute name="format groups with multiple columns" value="false"/>
    <Attribute name="distinct" value="false"/>
    <Attribute name="ignore filtering" value="false"/>
    <Attribute name="ignore sorting" value="false"/>
    <Attribute name="convert date time" value="0"/>
    <Attribute name="suppress if no rows" value="false"/>
    <Attribute name="convert null values to default" value="false"/>
    <Attribute name="hide PageFooter inside ReportHeader" value="false"/>
    <Attribute name="form print" value="false"/>
    <Attribute name="printing enabled" value="true"/>
    <Attribute name="clipboard enabled" value="true"/>
    <Attribute name="export enabled" value="true"/>
    <Attribute name="group tree visible" value="true"/>
  </ReportProperties>
  <AreaPair type="PageAreaPair" id="0">
    <Area type="PageHeader" count="1">
      <Section type="PageHeader" count="15" width="14400" height="800" id="0">
        <SectionProperties>
          <Attribute name="background color" value="14671839"/>
        </SectionProperties>
        <Element type="Box" x2_position="10740" y2_position="765" x_position="60" y_position="60" width="0" height="0">
          <BoxProperties>
            <Attribute name="background color" value="11185066"/>
            <Attribute name="close border on page break" value="true"/>
          </BoxProperties>
        </Element>
        <Element type="Text" count="1" x_position="180" y_position="270" width="1337" height="240">
          <Element type="Paragraph" count="1">
            <CommonProperties>
              <Attribute name="horizontal align" value="1"/>
            </CommonProperties>
            <Element type="TextPart">
              <FontProperties>
                <Attribute name="font style" value="1"/>
              </FontProperties>
            <![CDATA[nopendaftaran]]>
            </Element>
          </Element>
        </Element>
        <Element type="Line" x2_position="1607" y2_position="720" x_position="1607" y_position="75" width="0" height="0">
          <CommonProperties>
            <Attribute name="horizontal align" value="1"/>
          </CommonProperties>
          <LineProperties>
            <Attribute name="id" value="4"/>
          </LineProperties>
        </Element>
        <Element type="Text" count="1" x_position="1697" y_position="270" width="1337" height="240">
          <Element type="Paragraph" count="1">
            <CommonProperties>
              <Attribute name="horizontal align" value="1"/>
            </CommonProperties>
            <Element type="TextPart">
              <FontProperties>
                <Attribute name="font style" value="1"/>
              </FontProperties>
            <![CDATA[namamhs]]>
            </Element>
          </Element>
        </Element>
        <Element type="Line" x2_position="3124" y2_position="720" x_position="3124" y_position="75" width="0" height="0">
          <CommonProperties>
            <Attribute name="horizontal align" value="1"/>
          </CommonProperties>
          <LineProperties>
            <Attribute name="id" value="4"/>
          </LineProperties>
        </Element>
        <Element type="Text" count="1" x_position="3214" y_position="270" width="1337" height="240">
          <Element type="Paragraph" count="1">
            <CommonProperties>
              <Attribute name="horizontal align" value="1"/>
            </CommonProperties>
            <Element type="TextPart">
              <FontProperties>
                <Attribute name="font style" value="1"/>
              </FontProperties>
            <![CDATA[jkmhs]]>
            </Element>
          </Element>
        </Element>
        <Element type="Line" x2_position="4641" y2_position="720" x_position="4641" y_position="75" width="0" height="0">
          <CommonProperties>
            <Attribute name="horizontal align" value="1"/>
          </CommonProperties>
          <LineProperties>
            <Attribute name="id" value="4"/>
          </LineProperties>
        </Element>
        <Element type="Text" count="1" x_position="4731" y_position="270" width="1337" height="240">
          <Element type="Paragraph" count="1">
            <CommonProperties>
              <Attribute name="horizontal align" value="1"/>
            </CommonProperties>
            <Element type="TextPart">
              <FontProperties>
                <Attribute name="font style" value="1"/>
              </FontProperties>
            <![CDATA[alamatmhs]]>
            </Element>
          </Element>
        </Element>
        <Element type="Line" x2_position="6158" y2_position="720" x_position="6158" y_position="75" width="0" height="0">
          <CommonProperties>
            <Attribute name="horizontal align" value="1"/>
          </CommonProperties>
          <LineProperties>
            <Attribute name="id" value="4"/>
          </LineProperties>
        </Element>
        <Element type="Text" count="1" x_position="6248" y_position="270" width="1337" height="240">
          <Element type="Paragraph" count="1">
            <CommonProperties>
              <Attribute name="horizontal align" value="1"/>
            </CommonProperties>
            <Element type="TextPart">
              <FontProperties>
                <Attribute name="font style" value="1"/>
              </FontProperties>
            <![CDATA[jurusanmhs]]>
            </Element>
          </Element>
        </Element>
        <Element type="Line" x2_position="7675" y2_position="720" x_position="7675" y_position="75" width="0" height="0">
          <CommonProperties>
            <Attribute name="horizontal align" value="1"/>
          </CommonProperties>
          <LineProperties>
            <Attribute name="id" value="4"/>
          </LineProperties>
        </Element>
        <Element type="Text" count="1" x_position="7765" y_position="270" width="1337" height="240">
          <Element type="Paragraph" count="1">
            <CommonProperties>
              <Attribute name="horizontal align" value="1"/>
            </CommonProperties>
            <Element type="TextPart">
              <FontProperties>
                <Attribute name="font style" value="1"/>
              </FontProperties>
            <![CDATA[uangpembangunan]]>
            </Element>
          </Element>
        </Element>
        <Element type="Line" x2_position="9192" y2_position="720" x_position="9192" y_position="75" width="0" height="0">
          <CommonProperties>
            <Attribute name="horizontal align" value="1"/>
          </CommonProperties>
          <LineProperties>
            <Attribute name="id" value="4"/>
          </LineProperties>
        </Element>
        <Element type="Text" count="1" x_position="9282" y_position="270" width="1337" height="240">
          <Element type="Paragraph" count="1">
            <CommonProperties>
              <Attribute name="horizontal align" value="1"/>
            </CommonProperties>
            <Element type="TextPart">
              <FontProperties>
                <Attribute name="font style" value="1"/>
              </FontProperties>
            <![CDATA[uangsemester]]>
            </Element>
          </Element>
        </Element>
        <Element type="Text" count="1" x_position="11100" y_position="300" width="855" height="240">
          <Element type="Paragraph" count="1">
            <CommonProperties>
              <Attribute name="horizontal align" value="1"/>
            </CommonProperties>
            <Element type="TextPart">
            <![CDATA[totalbayar]]>
            </Element>
          </Element>
        </Element>
      </Section>
    </Area>
    <Area type="PageFooter" count="1">
      <Section type="PageFooter" count="0" width="14400" height="800" id="1">
        <SectionProperties>
          <Attribute name="suppress" value="true"/>
        </SectionProperties>
      </Section>
    </Area>
  </AreaPair>

  <AreaPair type="ReportAreaPair" id="0">
    <Area type="ReportHeader" count="2">
      <Section type="ReportHeader" count="1" width="14400" height="800" id="2">
        <SectionProperties>
          <Attribute name="background color" value="14671839"/>
        </SectionProperties>
        <Element type="Text" count="1" x_position="2250" y_position="150" width="7350" height="450">
          <Element type="Paragraph" count="1">
            <CommonProperties>
              <Attribute name="horizontal align" value="1"/>
            </CommonProperties>
            <Element type="TextPart">
              <FontProperties>
                <Attribute name="font size" value="320"/>
                <Attribute name="font style" value="1"/>
              </FontProperties>
            <![CDATA[LAPORAN DATA MAHASISWA BARU]]>
            </Element>
          </Element>
        </Element>
      </Section>
      <Section type="ReportHeader" count="1" width="14400" height="800" id="3">
        <Element type="Box" x2_position="10800" y2_position="120" x_position="0" y_position="0" width="0" height="0">
          <BoxProperties>
            <Attribute name="background color" value="6776679"/>
            <Attribute name="close border on page break" value="true"/>
          </BoxProperties>
        </Element>
      </Section>
    </Area>
    <Area type="ReportFooter" count="1">
      <Section type="ReportFooter" count="0" width="14400" height="800" id="4">
        <SectionProperties>
          <Attribute name="suppress" value="true"/>
        </SectionProperties>
      </Section>
    </Area>
  </AreaPair>

  <AreaPair type="DetailArea" id="1">
    <Area type="Detail" count="1">
      <Section type="Detail" count="8" width="14400" height="405" id="5">
        <SectionProperties>
          <Attribute name="background color" value="14671839"/>
        </SectionProperties>
        <Element type="FieldElement" x_position="180" y_position="45" width="1337" height="240">
          <CommonProperties>
            <Attribute name="horizontal align" value="1"/>
          </CommonProperties>
          <Reference name="field" type="DatabaseField" refname="tbmahasiswa.nopendaftaran"/>
        </Element>
        <Element type="FieldElement" x_position="1697" y_position="45" width="1337" height="240">
          <CommonProperties>
            <Attribute name="horizontal align" value="1"/>
          </CommonProperties>
          <Reference name="field" type="DatabaseField" refname="tbmahasiswa.namamhs"/>
        </Element>
        <Element type="FieldElement" x_position="3214" y_position="45" width="1337" height="240">
          <CommonProperties>
            <Attribute name="horizontal align" value="1"/>
          </CommonProperties>
          <Reference name="field" type="DatabaseField" refname="tbmahasiswa.jkmhs"/>
        </Element>
        <Element type="FieldElement" x_position="4731" y_position="45" width="1337" height="240">
          <CommonProperties>
            <Attribute name="horizontal align" value="1"/>
          </CommonProperties>
          <Reference name="field" type="DatabaseField" refname="tbmahasiswa.alamatmhs"/>
        </Element>
        <Element type="FieldElement" x_position="6248" y_position="45" width="1337" height="240">
          <CommonProperties>
            <Attribute name="horizontal align" value="1"/>
          </CommonProperties>
          <Reference name="field" type="DatabaseField" refname="tbmahasiswa.jurusanmhs"/>
        </Element>
        <Element type="FieldElement" x_position="7765" y_position="45" width="1337" height="240">
          <CommonProperties>
            <Attribute name="horizontal align" value="1"/>
          </CommonProperties>
          <NumberProperties>
            <Attribute name="n decimal places" value="0"/>
            <Attribute name="thousand seperators symbol" value="."/>
            <Attribute name="decimal seperators symbol" value=","/>
            <Attribute name="currency symbol" value="Rp"/>
          </NumberProperties>
          <Reference name="field" type="DatabaseField" refname="tbmahasiswa.uangpembangunan"/>
        </Element>
        <Element type="FieldElement" x_position="9282" y_position="45" width="1337" height="240">
          <CommonProperties>
            <Attribute name="horizontal align" value="1"/>
          </CommonProperties>
          <NumberProperties>
            <Attribute name="n decimal places" value="0"/>
            <Attribute name="thousand seperators symbol" value="."/>
            <Attribute name="decimal seperators symbol" value=","/>
            <Attribute name="currency symbol" value="Rp"/>
          </NumberProperties>
          <Reference name="field" type="DatabaseField" refname="tbmahasiswa.uangsemester"/>
        </Element>
        <Element type="FieldElement" x_position="11100" y_position="0" width="1200" height="240">
          <CommonProperties>
            <Attribute name="horizontal align" value="4"/>
          </CommonProperties>
          <NumberProperties>
            <Attribute name="n decimal places" value="0"/>
            <Attribute name="thousand seperators symbol" value="."/>
            <Attribute name="decimal seperators symbol" value=","/>
            <Attribute name="currency symbol" value="Rp"/>
          </NumberProperties>
          <Reference name="field" type="FormulaField" refname="@totalbayar"/>
        </Element>
      </Section>
    </Area>
  </AreaPair>

</inet:Report>
